C:\Program Files (x86)\MSBuild\Microsoft.Cpp\v4.0\V140\Microsoft.CppBuild.targets(368,5): warning MSB8004: Output Directory does not end with a trailing slash.  This build instance will add the slash as it is required to allow proper evaluation of the Output Directory.
  stdafx.cpp
C:\PyMonsoon\Monsoon\Cpp_backend\libusb\include\libusb-1.0\libusb.h(738): warning C4200: nonstandard extension used: zero-sized array in struct/union
  C:\PyMonsoon\Monsoon\Cpp_backend\libusb\include\libusb-1.0\libusb.h(738): note: This member will be ignored by a defaulted constructor or copy/move assignment operator
C:\PyMonsoon\Monsoon\Cpp_backend\libusb\include\libusb-1.0\libusb.h(769): warning C4200: nonstandard extension used: zero-sized array in struct/union
  C:\PyMonsoon\Monsoon\Cpp_backend\libusb\include\libusb-1.0\libusb.h(769): note: This member will be ignored by a defaulted constructor or copy/move assignment operator
C:\PyMonsoon\Monsoon\Cpp_backend\libusb\include\libusb-1.0\libusb.h(1265): warning C4200: nonstandard extension used: zero-sized array in struct/union
  C:\PyMonsoon\Monsoon\Cpp_backend\libusb\include\libusb-1.0\libusb.h(1265): note: This member will be ignored by a defaulted constructor or copy/move assignment operator
c:\pymonsoon\monsoon\cpp_backend\stdafx.h(79): warning C4305: 'initializing': truncation from 'double' to 'float'
c:\pymonsoon\monsoon\cpp_backend\stdafx.h(81): warning C4305: 'initializing': truncation from 'double' to 'float'
c:\pymonsoon\monsoon\cpp_backend\stdafx.h(82): warning C4305: 'initializing': truncation from 'double' to 'float'
c:\pymonsoon\monsoon\cpp_backend\stdafx.h(83): warning C4305: 'initializing': truncation from 'double' to 'float'
  Cpp_backend.cpp
Cpp_backend.cpp(10): warning C4305: 'argument': truncation from 'double' to 'float'
  LVPM.cpp
c:\pymonsoon\monsoon\cpp_backend\stdafx.h(79): warning C4305: 'initializing': truncation from 'double' to 'float'
c:\pymonsoon\monsoon\cpp_backend\stdafx.h(81): warning C4305: 'initializing': truncation from 'double' to 'float'
c:\pymonsoon\monsoon\cpp_backend\stdafx.h(82): warning C4305: 'initializing': truncation from 'double' to 'float'
c:\pymonsoon\monsoon\cpp_backend\stdafx.h(83): warning C4305: 'initializing': truncation from 'double' to 'float'
LVPM.cpp(24): warning C4244: 'initializing': conversion from 'float' to 'int', possible loss of data
LVPM.cpp(56): warning C4244: '=': conversion from 'double' to 'float', possible loss of data
LVPM.cpp(57): warning C4244: '=': conversion from 'double' to 'float', possible loss of data
LVPM.cpp(59): warning C4244: '=': conversion from 'double' to 'float', possible loss of data
LVPM.cpp(60): warning C4244: '=': conversion from 'double' to 'float', possible loss of data
LVPM.cpp(119): warning C4244: 'initializing': conversion from 'int' to 'float', possible loss of data
LVPM.cpp(120): warning C4244: 'initializing': conversion from 'int' to 'float', possible loss of data
LVPM.cpp(154): warning C4244: '=': conversion from 'int' to 'float', possible loss of data
LVPM.cpp(155): warning C4244: '=': conversion from 'int' to 'float', possible loss of data
LVPM.cpp(162): warning C4244: '=': conversion from 'int' to 'float', possible loss of data
LVPM.cpp(163): warning C4244: '=': conversion from 'int' to 'float', possible loss of data
LVPM.cpp(171): warning C4244: '=': conversion from 'double' to 'float', possible loss of data
  pmapi.cpp
pmapi.cpp(27): warning C4273: 'pySetup': inconsistent dll linkage
  c:\pymonsoon\monsoon\cpp_backend\stdafx.h(40): note: see previous definition of 'pySetup'
pmapi.cpp(32): warning C4273: 'pyClose': inconsistent dll linkage
  c:\pymonsoon\monsoon\cpp_backend\stdafx.h(41): note: see previous definition of 'pyClose'
pmapi.cpp(37): warning C4273: 'pyStart': inconsistent dll linkage
  c:\pymonsoon\monsoon\cpp_backend\stdafx.h(42): note: see previous definition of 'pyStart'
pmapi.cpp(46): warning C4273: 'pyStop': inconsistent dll linkage
  c:\pymonsoon\monsoon\cpp_backend\stdafx.h(43): note: see previous definition of 'pyStop'
pmapi.cpp(51): warning C4273: 'pyGetBulkData': inconsistent dll linkage
  c:\pymonsoon\monsoon\cpp_backend\stdafx.h(44): note: see previous definition of 'pyGetBulkData'
pmapi.cpp(57): warning C4273: 'pyQueueCount': inconsistent dll linkage
  c:\pymonsoon\monsoon\cpp_backend\stdafx.h(45): note: see previous definition of 'pyQueueCount'
pmapi.cpp(62): warning C4273: 'pySendCommand': inconsistent dll linkage
  c:\pymonsoon\monsoon\cpp_backend\stdafx.h(46): note: see previous definition of 'pySendCommand'
pmapi.cpp(67): warning C4273: 'pyGetValue': inconsistent dll linkage
  c:\pymonsoon\monsoon\cpp_backend\stdafx.h(47): note: see previous definition of 'pyGetValue'
     Creating library ..\Win32_Backend\Cpp_backend.lib and object ..\Win32_Backend\Cpp_backend.exp
  Generating code
  All 220 functions were compiled because no usable IPDB/IOBJ from previous compilation was found.
  Finished generating code
  Cpp_backend.vcxproj -> C:\PyMonsoon\Monsoon\Cpp_backend\..\Win32_Backend\Cpp_backend.dll
